Scheduler/app/build/outputs/logs/manifest-merger-debug-report.txt
-- Merging decision tree log ---
manifest
ADDED from src\main\AndroidManifest.xml:2:1-34:12
	package
		ADDED from src\main\AndroidManifest.xml:4:5-26
		INJECTED from src\main\AndroidManifest.xml
		INJECTED from src\main\AndroidManifest.xml
	android:versionName
		INJECTED from src\main\AndroidManifest.xml
		INJECTED from src\main\AndroidManifest.xml
	xmlns:tools
		ADDED from src\main\AndroidManifest.xml:3:5-51
	xmlns:android
		ADDED from src\main\AndroidManifest.xml:2:11-69
	android:versionCode
		INJECTED from src\main\AndroidManifest.xml
		INJECTED from src\main\AndroidManifest.xml
uses-permission#android.permission.WRITE_CALENDAR
ADDED from src\main\AndroidManifest.xml:5:5-73
	android:name
		ADDED from src\main\AndroidManifest.xml:5:22-70
uses-permission#android.permission.READ_CALENDAR
ADDED from src\main\AndroidManifest.xml:6:5-72
	android:name
		ADDED from src\main\AndroidManifest.xml:6:22-69
application
ADDED from src\main\AndroidManifest.xml:7:5-33:19
MERGED from [com.android.support:appcompat-v7:23.1.1] AndroidManifest.xml:22:5-20
MERGED from [com.android.support:support-v4:23.1.1] AndroidManifest.xml:22:5-20
MERGED from [com.android.support:support-v4:23.1.1] AndroidManifest.xml:22:5-20
MERGED from [com.android.support:cardview-v7:23.1.1] AndroidManifest.xml:22:5-20
MERGED from [com.pawegio.kandroid:kandroid:0.5.0] AndroidManifest.xml:12:5-20
MERGED from [com.melnykov:floatingactionbutton:1.3.0] AndroidManifest.xml:12:5-20
MERGED from [com.android.support:support-v4:23.1.1] AndroidManifest.xml:22:5-20
MERGED from [com.github.afollestad.material-dialogs:core:0.8.5.6] AndroidManifest.xml:13:5-20
	android:label
		ADDED from src\main\AndroidManifest.xml:11:9-41
	android:supportsRtl
		ADDED from src\main\AndroidManifest.xml:12:9-35
	tools:ignore
		ADDED from src\main\AndroidManifest.xml:14:9-48
	android:allowBackup
		ADDED from src\main\AndroidManifest.xml:9:9-35
	android:icon
		ADDED from src\main\AndroidManifest.xml:10:9-43
	android:theme
		ADDED from src\main\AndroidManifest.xml:13:9-40
	android:name
		ADDED from src\main\AndroidManifest.xml:8:9-51
activity#diplom.time.ui.activities.PasActivity
ADDED from src\main\AndroidManifest.xml:15:9-20:20
	android:name
		ADDED from src\main\AndroidManifest.xml:15:19-71
intent-filter#android.intent.action.MAIN+android.intent.category.LAUNCHER
ADDED from src\main\AndroidManifest.xml:16:13-19:29
action#android.intent.action.MAIN
ADDED from src\main\AndroidManifest.xml:17:17-69
	android:name
		ADDED from src\main\AndroidManifest.xml:17:25-66
category#android.intent.category.LAUNCHER
ADDED from src\main\AndroidManifest.xml:18:17-77
	android:name
		ADDED from src\main\AndroidManifest.xml:18:27-74
activity#diplom.time.ui.activities.MainActivity
ADDED from src\main\AndroidManifest.xml:21:9-75
	android:name
		ADDED from src\main\AndroidManifest.xml:21:19-72
activity#diplom.time.ui.activities.NoteActivity
ADDED from src\main\AndroidManifest.xml:22:9-75
	android:name
		ADDED from src\main\AndroidManifest.xml:22:19-72
activity#diplom.time.ui.activities.SetiActivity
ADDED from src\main\AndroidManifest.xml:23:9-75
	android:name
		ADDED from src\main\AndroidManifest.xml:23:19-72
meta-data#AA_DB_NAME
ADDED from src\main\AndroidManifest.xml:24:9-26:42
	android:value
		ADDED from src\main\AndroidManifest.xml:26:13-39
	android:name
		ADDED from src\main\AndroidManifest.xml:25:13-38
meta-data#AA_DB_VERSION
ADDED from src\main\AndroidManifest.xml:27:9-29:33
	android:value
		ADDED from src\main\AndroidManifest.xml:29:13-30
	android:name
		ADDED from src\main\AndroidManifest.xml:28:13-41
meta-data#AA_MODELS
ADDED from src\main\AndroidManifest.xml:30:9-32:68
	android:value
		ADDED from src\main\AndroidManifest.xml:32:13-65
	android:name
		ADDED from src\main\AndroidManifest.xml:31:13-37
uses-sdk
INJECTED from src\main\AndroidManifest.xml reason: use-sdk injection requested
MERGED from [com.android.support:appcompat-v7:23.1.1] AndroidManifest.xml:20:5-43
MERGED from [com.android.support:support-v4:23.1.1] AndroidManifest.xml:20:5-43
MERGED from [com.android.support:recyclerview-v7:23.1.1] AndroidManifest.xml:20:5-43
MERGED from [com.android.support:support-v4:23.1.1] AndroidManifest.xml:20:5-43
MERGED from [com.android.support:cardview-v7:23.1.1] AndroidManifest.xml:20:5-43
MERGED from [com.pawegio.kandroid:kandroid:0.5.0] AndroidManifest.xml:8:5-10:41
MERGED from [com.melnykov:floatingactionbutton:1.3.0] AndroidManifest.xml:8:5-10:41
MERGED from [com.android.support:recyclerview-v7:23.1.1] AndroidManifest.xml:20:5-43
MERGED from [com.android.support:support-v4:23.1.1] AndroidManifest.xml:20:5-43
MERGED from [com.github.afollestad.material-dialogs:core:0.8.5.6] AndroidManifest.xml:8:5-11:75
MERGED from [io.reactivex:rxandroid:1.1.0] AndroidManifest.xml:19:5-43
	tools:overrideLibrary
		ADDED from [com.github.afollestad.material-dialogs:core:0.8.5.6] AndroidManifest.xml:11:9-72
	android:targetSdkVersion
		INJECTED from src\main\AndroidManifest.xml
		INJECTED from src\main\AndroidManifest.xml
	android:minSdkVersion
		INJECTED from src\main\AndroidManifest.xml
		INJECTED from src\main\AndroidManifest.xml